<?xml version="1.0" encoding="UTF-8"?>
<!-- Generated by org.testng.reporters.JUnitReportReporter -->
<testsuite hostname="LAPTOP-8254Q1PA" failures="0" tests="1" name="test.com.itexps.CostcoTest" time="27.095" errors="0" timestamp="27 Sep 2023 05:05:47 GMT">
  <testcase classname="test.com.itexps.CostcoTest" name="testCostcoLoginTestcase" time="27.095"/>
</testsuite> <!-- test.com.itexps.CostcoTest -->
